app/build/outputs/logs/manifest-merger-debug-report.txt
-- Merging decision tree log ---
manifest
ADDED from src\main\AndroidManifest.xml:2:1-30:20
INJECTED from src\main\AndroidManifest.xml:2:1-30:20
INJECTED from src\main\AndroidManifest.xml:2:1-30:20
INJECTED from src\main\AndroidManifest.xml:2:1-30:20
INJECTED from src\main\AndroidManifest.xml:2:1-30:20
INJECTED from src\main\AndroidManifest.xml:2:1-30:20
INJECTED from src\main\AndroidManifest.xml:2:1-30:20
	package
		ADDED from src\main\AndroidManifest.xml:3:11-41
		INJECTED from src\main\AndroidManifest.xml
		INJECTED from src\main\AndroidManifest.xml
	android:versionName
		ADDED from src\main\AndroidManifest.xml:5:11-38
		INJECTED from src\main\AndroidManifest.xml
		INJECTED from src\main\AndroidManifest.xml
	xmlns:android
		ADDED from src\main\AndroidManifest.xml:2:11-69
	android:versionCode
		ADDED from src\main\AndroidManifest.xml:4:11-34
		INJECTED from src\main\AndroidManifest.xml
		INJECTED from src\main\AndroidManifest.xml
uses-sdk
ADDED from src\main\AndroidManifest.xml:7:5-42
INJECTED from src\main\AndroidManifest.xml:7:5-42
INJECTED from src\main\AndroidManifest.xml:7:5-42
INJECTED from src\main\AndroidManifest.xml:7:5-42
INJECTED from src\main\AndroidManifest.xml:7:5-42
	android:targetSdkVersion
		INJECTED from src\main\AndroidManifest.xml
		ADDED from src\main\AndroidManifest.xml:7:5-42
		INJECTED from src\main\AndroidManifest.xml
	android:minSdkVersion
		ADDED from src\main\AndroidManifest.xml:7:15-40
		INJECTED from src\main\AndroidManifest.xml
		INJECTED from src\main\AndroidManifest.xml
uses-feature#0x00020000
ADDED from src\main\AndroidManifest.xml:8:5-53
	android:glEsVersion
		ADDED from src\main\AndroidManifest.xml:8:19-51
application
ADDED from src\main\AndroidManifest.xml:10:5-23:15
	android:label
		ADDED from src\main\AndroidManifest.xml:10:18-50
	android:icon
		ADDED from src\main\AndroidManifest.xml:11:18-47
activity#lib.Cocos2dMainActivity
ADDED from src\main\AndroidManifest.xml:13:9-22:16
	android:screenOrientation
		ADDED from src\main\AndroidManifest.xml:15:19-55
	android:label
		ADDED from src\main\AndroidManifest.xml:14:19-51
	android:configChanges
		ADDED from src\main\AndroidManifest.xml:17:9-44
	android:theme
		ADDED from src\main\AndroidManifest.xml:16:19-77
	android:name
		ADDED from src\main\AndroidManifest.xml:13:19-57
intent-filter#android.intent.action.MAIN+android.intent.category.LAUNCHER
ADDED from src\main\AndroidManifest.xml:18:9-21:25
action#android.intent.action.MAIN
ADDED from src\main\AndroidManifest.xml:19:13-64
	android:name
		ADDED from src\main\AndroidManifest.xml:19:21-62
category#android.intent.category.LAUNCHER
ADDED from src\main\AndroidManifest.xml:20:13-72
	android:name
		ADDED from src\main\AndroidManifest.xml:20:23-70
uses-permission#android.permission.VIBRATE
ADDED from src\main\AndroidManifest.xml:25:1-61
	android:name
		ADDED from src\main\AndroidManifest.xml:25:18-59
supports-screens
ADDED from src\main\AndroidManifest.xml:26:1-29:49
	android:largeScreens
		ADDED from src\main\AndroidManifest.xml:26:19-46
	android:smallScreens
		ADDED from src\main\AndroidManifest.xml:27:19-46
	android:normalScreens
		ADDED from src\main\AndroidManifest.xml:29:19-47
	android:anyDensity
		ADDED from src\main\AndroidManifest.xml:28:19-44